[22-Sep-2023 06:25:10 UTC] PHP Fatal error:  Array and string offset access syntax with curly braces is no longer supported in C:\MAMP\htdocs\planty\wp-content\themes\tm-beans\lib\api\compiler\vendors\lessc.php on line 719
[22-Sep-2023 06:27:36 UTC] PHP Fatal error:  Array and string offset access syntax with curly braces is no longer supported in C:\MAMP\htdocs\planty\wp-content\themes\tm-beans\lib\api\compiler\vendors\lessc.php on line 719
[22-Sep-2023 06:30:26 UTC] PHP Fatal error:  Array and string offset access syntax with curly braces is no longer supported in C:\MAMP\htdocs\planty\wp-content\themes\tm-beans\lib\api\compiler\vendors\lessc.php on line 1777
[22-Sep-2023 06:31:12 UTC] PHP Fatal error:  Array and string offset access syntax with curly braces is no longer supported in C:\MAMP\htdocs\planty\wp-content\themes\tm-beans\lib\api\compiler\vendors\lessc.php on line 1777
[22-Sep-2023 07:20:41 UTC] PHP Notice:  ob_end_flush(): Failed to send buffer of zlib output compression (1) in C:\MAMP\htdocs\planty\wp-includes\functions.php on line 5349
[22-Sep-2023 07:20:41 UTC] PHP Notice:  ob_end_flush(): Failed to send buffer of zlib output compression (1) in C:\MAMP\htdocs\planty\wp-includes\functions.php on line 5349
[22-Sep-2023 07:20:51 UTC] PHP Notice:  ob_end_flush(): Failed to send buffer of zlib output compression (1) in C:\MAMP\htdocs\planty\wp-includes\functions.php on line 5349
[22-Sep-2023 07:20:51 UTC] PHP Notice:  ob_end_flush(): Failed to send buffer of zlib output compression (1) in C:\MAMP\htdocs\planty\wp-includes\functions.php on line 5349
[22-Sep-2023 07:21:00 UTC] PHP Notice:  ob_end_flush(): Failed to send buffer of zlib output compression (1) in C:\MAMP\htdocs\planty\wp-includes\functions.php on line 5349
[22-Sep-2023 07:21:00 UTC] PHP Notice:  ob_end_flush(): Failed to send buffer of zlib output compression (1) in C:\MAMP\htdocs\planty\wp-includes\functions.php on line 5349
[22-Sep-2023 07:21:05 UTC] PHP Notice:  ob_end_flush(): Failed to send buffer of zlib output compression (1) in C:\MAMP\htdocs\planty\wp-includes\functions.php on line 5349
[22-Sep-2023 07:21:05 UTC] PHP Notice:  ob_end_flush(): Failed to send buffer of zlib output compression (1) in C:\MAMP\htdocs\planty\wp-includes\functions.php on line 5349
[22-Sep-2023 07:21:16 UTC] PHP Notice:  ob_end_flush(): Failed to send buffer of zlib output compression (1) in C:\MAMP\htdocs\planty\wp-includes\functions.php on line 5349
[22-Sep-2023 07:21:16 UTC] PHP Notice:  ob_end_flush(): Failed to send buffer of zlib output compression (1) in C:\MAMP\htdocs\planty\wp-includes\functions.php on line 5349
[22-Sep-2023 07:21:19 UTC] PHP Notice:  ob_end_flush(): Failed to send buffer of zlib output compression (1) in C:\MAMP\htdocs\planty\wp-includes\functions.php on line 5349
[22-Sep-2023 07:21:19 UTC] PHP Notice:  ob_end_flush(): Failed to send buffer of zlib output compression (1) in C:\MAMP\htdocs\planty\wp-includes\functions.php on line 5349
[22-Sep-2023 07:21:24 UTC] PHP Notice:  ob_end_flush(): Failed to send buffer of zlib output compression (1) in C:\MAMP\htdocs\planty\wp-includes\functions.php on line 5349
[22-Sep-2023 07:21:24 UTC] PHP Notice:  ob_end_flush(): Failed to send buffer of zlib output compression (1) in C:\MAMP\htdocs\planty\wp-includes\functions.php on line 5349
[22-Sep-2023 07:21:33 UTC] PHP Notice:  ob_end_flush(): Failed to send buffer of zlib output compression (1) in C:\MAMP\htdocs\planty\wp-includes\functions.php on line 5349
[22-Sep-2023 07:21:33 UTC] PHP Notice:  ob_end_flush(): Failed to send buffer of zlib output compression (1) in C:\MAMP\htdocs\planty\wp-includes\functions.php on line 5349
[22-Sep-2023 07:21:37 UTC] PHP Notice:  ob_end_flush(): Failed to send buffer of zlib output compression (1) in C:\MAMP\htdocs\planty\wp-includes\functions.php on line 5349
[22-Sep-2023 07:21:37 UTC] PHP Notice:  ob_end_flush(): Failed to send buffer of zlib output compression (1) in C:\MAMP\htdocs\planty\wp-includes\functions.php on line 5349
[22-Sep-2023 07:21:40 UTC] PHP Notice:  ob_end_flush(): Failed to send buffer of zlib output compression (1) in C:\MAMP\htdocs\planty\wp-includes\functions.php on line 5349
[22-Sep-2023 07:21:40 UTC] PHP Notice:  ob_end_flush(): Failed to send buffer of zlib output compression (1) in C:\MAMP\htdocs\planty\wp-includes\functions.php on line 5349
[22-Sep-2023 07:21:45 UTC] PHP Notice:  ob_end_flush(): Failed to send buffer of zlib output compression (1) in C:\MAMP\htdocs\planty\wp-includes\functions.php on line 5349
[22-Sep-2023 07:21:45 UTC] PHP Notice:  ob_end_flush(): Failed to send buffer of zlib output compression (1) in C:\MAMP\htdocs\planty\wp-includes\functions.php on line 5349
[22-Sep-2023 07:22:05 UTC] PHP Notice:  ob_end_flush(): Failed to send buffer of zlib output compression (1) in C:\MAMP\htdocs\planty\wp-includes\functions.php on line 5349
[22-Sep-2023 07:22:05 UTC] PHP Notice:  ob_end_flush(): Failed to send buffer of zlib output compression (1) in C:\MAMP\htdocs\planty\wp-includes\functions.php on line 5349
[22-Sep-2023 07:23:10 UTC] PHP Notice:  ob_end_flush(): Failed to send buffer of zlib output compression (1) in C:\MAMP\htdocs\planty\wp-includes\functions.php on line 5349
[22-Sep-2023 07:23:10 UTC] PHP Notice:  ob_end_flush(): Failed to send buffer of zlib output compression (1) in C:\MAMP\htdocs\planty\wp-includes\functions.php on line 5349
[22-Sep-2023 07:23:22 UTC] PHP Notice:  ob_end_flush(): Failed to send buffer of zlib output compression (1) in C:\MAMP\htdocs\planty\wp-includes\functions.php on line 5349
[22-Sep-2023 07:23:22 UTC] PHP Notice:  ob_end_flush(): Failed to send buffer of zlib output compression (1) in C:\MAMP\htdocs\planty\wp-includes\functions.php on line 5349
[22-Sep-2023 07:23:25 UTC] PHP Notice:  ob_end_flush(): Failed to send buffer of zlib output compression (1) in C:\MAMP\htdocs\planty\wp-includes\functions.php on line 5349
[22-Sep-2023 07:23:25 UTC] PHP Notice:  ob_end_flush(): Failed to send buffer of zlib output compression (1) in C:\MAMP\htdocs\planty\wp-includes\functions.php on line 5349
[22-Sep-2023 07:23:42 UTC] PHP Notice:  ob_end_flush(): Failed to send buffer of zlib output compression (1) in C:\MAMP\htdocs\planty\wp-includes\functions.php on line 5349
[22-Sep-2023 07:23:42 UTC] PHP Notice:  ob_end_flush(): Failed to send buffer of zlib output compression (1) in C:\MAMP\htdocs\planty\wp-includes\functions.php on line 5349
[22-Sep-2023 07:23:52 UTC] PHP Notice:  ob_end_flush(): Failed to send buffer of zlib output compression (1) in C:\MAMP\htdocs\planty\wp-includes\functions.php on line 5349
[22-Sep-2023 07:23:52 UTC] PHP Notice:  ob_end_flush(): Failed to send buffer of zlib output compression (1) in C:\MAMP\htdocs\planty\wp-includes\functions.php on line 5349
[22-Sep-2023 07:23:54 UTC] PHP Notice:  ob_end_flush(): Failed to send buffer of zlib output compression (1) in C:\MAMP\htdocs\planty\wp-includes\functions.php on line 5349
[22-Sep-2023 07:23:54 UTC] PHP Notice:  ob_end_flush(): Failed to send buffer of zlib output compression (1) in C:\MAMP\htdocs\planty\wp-includes\functions.php on line 5349
[22-Sep-2023 07:23:59 UTC] PHP Notice:  ob_end_flush(): Failed to send buffer of zlib output compression (1) in C:\MAMP\htdocs\planty\wp-includes\functions.php on line 5349
[22-Sep-2023 07:23:59 UTC] PHP Notice:  ob_end_flush(): Failed to send buffer of zlib output compression (1) in C:\MAMP\htdocs\planty\wp-includes\functions.php on line 5349
[22-Sep-2023 07:24:02 UTC] PHP Notice:  ob_end_flush(): Failed to send buffer of zlib output compression (1) in C:\MAMP\htdocs\planty\wp-includes\functions.php on line 5349
[22-Sep-2023 07:24:02 UTC] PHP Notice:  ob_end_flush(): Failed to send buffer of zlib output compression (1) in C:\MAMP\htdocs\planty\wp-includes\functions.php on line 5349
[22-Sep-2023 07:24:05 UTC] PHP Fatal error:  Array and string offset access syntax with curly braces is no longer supported in C:\MAMP\htdocs\planty\wp-content\themes\tm-beans\lib\api\compiler\vendors\lessc.php on line 719
[22-Sep-2023 07:24:06 UTC] PHP Fatal error:  Array and string offset access syntax with curly braces is no longer supported in C:\MAMP\htdocs\planty\wp-content\themes\tm-beans\lib\api\compiler\vendors\lessc.php on line 719
[22-Sep-2023 07:24:12 UTC] PHP Notice:  ob_end_flush(): Failed to send buffer of zlib output compression (1) in C:\MAMP\htdocs\planty\wp-includes\functions.php on line 5349
[22-Sep-2023 07:24:12 UTC] PHP Notice:  ob_end_flush(): Failed to send buffer of zlib output compression (1) in C:\MAMP\htdocs\planty\wp-includes\functions.php on line 5349
[22-Sep-2023 07:24:26 UTC] PHP Notice:  ob_end_flush(): Failed to send buffer of zlib output compression (1) in C:\MAMP\htdocs\planty\wp-includes\functions.php on line 5349
[22-Sep-2023 07:24:26 UTC] PHP Notice:  ob_end_flush(): Failed to send buffer of zlib output compression (1) in C:\MAMP\htdocs\planty\wp-includes\functions.php on line 5349
[22-Sep-2023 07:24:36 UTC] PHP Notice:  ob_end_flush(): Failed to send buffer of zlib output compression (1) in C:\MAMP\htdocs\planty\wp-includes\functions.php on line 5349
[22-Sep-2023 07:24:36 UTC] PHP Notice:  ob_end_flush(): Failed to send buffer of zlib output compression (1) in C:\MAMP\htdocs\planty\wp-includes\functions.php on line 5349
[22-Sep-2023 07:24:46 UTC] PHP Notice:  ob_end_flush(): Failed to send buffer of zlib output compression (1) in C:\MAMP\htdocs\planty\wp-includes\functions.php on line 5349
[22-Sep-2023 07:24:46 UTC] PHP Notice:  ob_end_flush(): Failed to send buffer of zlib output compression (1) in C:\MAMP\htdocs\planty\wp-includes\functions.php on line 5349
[22-Sep-2023 07:24:53 UTC] PHP Notice:  ob_end_flush(): Failed to send buffer of zlib output compression (1) in C:\MAMP\htdocs\planty\wp-includes\functions.php on line 5349
[22-Sep-2023 07:24:53 UTC] PHP Notice:  ob_end_flush(): Failed to send buffer of zlib output compression (1) in C:\MAMP\htdocs\planty\wp-includes\functions.php on line 5349
[22-Sep-2023 07:25:30 UTC] PHP Notice:  ob_end_flush(): Failed to send buffer of zlib output compression (1) in C:\MAMP\htdocs\planty\wp-includes\functions.php on line 5349
[22-Sep-2023 07:25:30 UTC] PHP Notice:  ob_end_flush(): Failed to send buffer of zlib output compression (1) in C:\MAMP\htdocs\planty\wp-includes\functions.php on line 5349
[22-Sep-2023 07:25:38 UTC] PHP Notice:  ob_end_flush(): Failed to send buffer of zlib output compression (1) in C:\MAMP\htdocs\planty\wp-includes\functions.php on line 5349
[22-Sep-2023 07:25:38 UTC] PHP Notice:  ob_end_flush(): Failed to send buffer of zlib output compression (1) in C:\MAMP\htdocs\planty\wp-includes\functions.php on line 5349
[22-Sep-2023 07:25:47 UTC] PHP Notice:  ob_end_flush(): Failed to send buffer of zlib output compression (1) in C:\MAMP\htdocs\planty\wp-includes\functions.php on line 5349
[22-Sep-2023 07:25:47 UTC] PHP Notice:  ob_end_flush(): Failed to send buffer of zlib output compression (1) in C:\MAMP\htdocs\planty\wp-includes\functions.php on line 5349
[22-Sep-2023 07:25:49 UTC] PHP Notice:  ob_end_flush(): Failed to send buffer of zlib output compression (1) in C:\MAMP\htdocs\planty\wp-includes\functions.php on line 5349
[22-Sep-2023 07:25:49 UTC] PHP Notice:  ob_end_flush(): Failed to send buffer of zlib output compression (1) in C:\MAMP\htdocs\planty\wp-includes\functions.php on line 5349
[22-Sep-2023 07:25:51 UTC] PHP Notice:  ob_end_flush(): Failed to send buffer of zlib output compression (1) in C:\MAMP\htdocs\planty\wp-includes\functions.php on line 5349
[22-Sep-2023 07:25:51 UTC] PHP Notice:  ob_end_flush(): Failed to send buffer of zlib output compression (1) in C:\MAMP\htdocs\planty\wp-includes\functions.php on line 5349
[22-Sep-2023 07:26:31 UTC] PHP Notice:  ob_end_flush(): Failed to send buffer of zlib output compression (1) in C:\MAMP\htdocs\planty\wp-includes\functions.php on line 5349
[22-Sep-2023 07:26:31 UTC] PHP Notice:  ob_end_flush(): Failed to send buffer of zlib output compression (1) in C:\MAMP\htdocs\planty\wp-includes\functions.php on line 5349
[22-Sep-2023 07:26:37 UTC] PHP Notice:  ob_end_flush(): Failed to send buffer of zlib output compression (1) in C:\MAMP\htdocs\planty\wp-includes\functions.php on line 5349
[22-Sep-2023 07:26:37 UTC] PHP Notice:  ob_end_flush(): Failed to send buffer of zlib output compression (1) in C:\MAMP\htdocs\planty\wp-includes\functions.php on line 5349
[22-Sep-2023 07:26:37 UTC] PHP Warning:  Undefined array key "C:/MAMP/htdocs/planty/wp-content/themes/jadro/parts/header.html" in C:\MAMP\htdocs\planty\wp-content\plugins\query-monitor\output\html\theme.php on line 167
[22-Sep-2023 07:26:37 UTC] PHP Warning:  Undefined array key "C:/MAMP/htdocs/planty/wp-content/themes/jadro/parts/footer.html" in C:\MAMP\htdocs\planty\wp-content\plugins\query-monitor\output\html\theme.php on line 167
[22-Sep-2023 07:26:54 UTC] PHP Notice:  ob_end_flush(): Failed to send buffer of zlib output compression (1) in C:\MAMP\htdocs\planty\wp-includes\functions.php on line 5349
[22-Sep-2023 07:26:54 UTC] PHP Notice:  ob_end_flush(): Failed to send buffer of zlib output compression (1) in C:\MAMP\htdocs\planty\wp-includes\functions.php on line 5349
[22-Sep-2023 07:27:24 UTC] PHP Notice:  ob_end_flush(): Failed to send buffer of zlib output compression (1) in C:\MAMP\htdocs\planty\wp-includes\functions.php on line 5349
[22-Sep-2023 07:27:24 UTC] PHP Notice:  ob_end_flush(): Failed to send buffer of zlib output compression (1) in C:\MAMP\htdocs\planty\wp-includes\functions.php on line 5349
[22-Sep-2023 07:27:37 UTC] PHP Notice:  ob_end_flush(): Failed to send buffer of zlib output compression (1) in C:\MAMP\htdocs\planty\wp-includes\functions.php on line 5349
[22-Sep-2023 07:27:37 UTC] PHP Notice:  ob_end_flush(): Failed to send buffer of zlib output compression (1) in C:\MAMP\htdocs\planty\wp-includes\functions.php on line 5349
[22-Sep-2023 07:27:41 UTC] PHP Notice:  ob_end_flush(): Failed to send buffer of zlib output compression (1) in C:\MAMP\htdocs\planty\wp-includes\functions.php on line 5349
[22-Sep-2023 07:27:41 UTC] PHP Notice:  ob_end_flush(): Failed to send buffer of zlib output compression (1) in C:\MAMP\htdocs\planty\wp-includes\functions.php on line 5349
[22-Sep-2023 07:28:01 UTC] PHP Notice:  ob_end_flush(): Failed to send buffer of zlib output compression (1) in C:\MAMP\htdocs\planty\wp-includes\functions.php on line 5349
[22-Sep-2023 07:28:01 UTC] PHP Notice:  ob_end_flush(): Failed to send buffer of zlib output compression (1) in C:\MAMP\htdocs\planty\wp-includes\functions.php on line 5349
[22-Sep-2023 07:28:05 UTC] PHP Notice:  ob_end_flush(): Failed to send buffer of zlib output compression (1) in C:\MAMP\htdocs\planty\wp-includes\functions.php on line 5349
[22-Sep-2023 07:28:05 UTC] PHP Notice:  ob_end_flush(): Failed to send buffer of zlib output compression (1) in C:\MAMP\htdocs\planty\wp-includes\functions.php on line 5349
[22-Sep-2023 07:28:33 UTC] PHP Notice:  ob_end_flush(): Failed to send buffer of zlib output compression (1) in C:\MAMP\htdocs\planty\wp-includes\functions.php on line 5349
[22-Sep-2023 07:28:33 UTC] PHP Notice:  ob_end_flush(): Failed to send buffer of zlib output compression (1) in C:\MAMP\htdocs\planty\wp-includes\functions.php on line 5349
[22-Sep-2023 07:28:35 UTC] PHP Notice:  ob_end_flush(): Failed to send buffer of zlib output compression (1) in C:\MAMP\htdocs\planty\wp-includes\functions.php on line 5349
[22-Sep-2023 07:28:35 UTC] PHP Notice:  ob_end_flush(): Failed to send buffer of zlib output compression (1) in C:\MAMP\htdocs\planty\wp-includes\functions.php on line 5349
[22-Sep-2023 07:28:41 UTC] PHP Notice:  ob_end_flush(): Failed to send buffer of zlib output compression (1) in C:\MAMP\htdocs\planty\wp-includes\functions.php on line 5349
[22-Sep-2023 07:28:41 UTC] PHP Notice:  ob_end_flush(): Failed to send buffer of zlib output compression (1) in C:\MAMP\htdocs\planty\wp-includes\functions.php on line 5349
[22-Sep-2023 07:29:32 UTC] PHP Notice:  ob_end_flush(): Failed to send buffer of zlib output compression (1) in C:\MAMP\htdocs\planty\wp-includes\functions.php on line 5349
[22-Sep-2023 07:29:32 UTC] PHP Notice:  ob_end_flush(): Failed to send buffer of zlib output compression (1) in C:\MAMP\htdocs\planty\wp-includes\functions.php on line 5349
[22-Sep-2023 07:31:26 UTC] PHP Notice:  ob_end_flush(): Failed to send buffer of zlib output compression (1) in C:\MAMP\htdocs\planty\wp-includes\functions.php on line 5349
[22-Sep-2023 07:31:26 UTC] PHP Notice:  ob_end_flush(): Failed to send buffer of zlib output compression (1) in C:\MAMP\htdocs\planty\wp-includes\functions.php on line 5349
[22-Sep-2023 07:32:37 UTC] PHP Notice:  ob_end_flush(): Failed to send buffer of zlib output compression (1) in C:\MAMP\htdocs\planty\wp-includes\functions.php on line 5349
[22-Sep-2023 07:32:37 UTC] PHP Notice:  ob_end_flush(): Failed to send buffer of zlib output compression (1) in C:\MAMP\htdocs\planty\wp-includes\functions.php on line 5349
[22-Sep-2023 07:32:46 UTC] PHP Notice:  ob_end_flush(): Failed to send buffer of zlib output compression (1) in C:\MAMP\htdocs\planty\wp-includes\functions.php on line 5349
[22-Sep-2023 07:32:46 UTC] PHP Notice:  ob_end_flush(): Failed to send buffer of zlib output compression (1) in C:\MAMP\htdocs\planty\wp-includes\functions.php on line 5349
[22-Sep-2023 07:32:50 UTC] PHP Notice:  ob_end_flush(): Failed to send buffer of zlib output compression (1) in C:\MAMP\htdocs\planty\wp-includes\functions.php on line 5349
[22-Sep-2023 07:32:50 UTC] PHP Notice:  ob_end_flush(): Failed to send buffer of zlib output compression (1) in C:\MAMP\htdocs\planty\wp-includes\functions.php on line 5349
[22-Sep-2023 07:33:13 UTC] PHP Notice:  ob_end_flush(): Failed to send buffer of zlib output compression (1) in C:\MAMP\htdocs\planty\wp-includes\functions.php on line 5349
[22-Sep-2023 07:33:13 UTC] PHP Notice:  ob_end_flush(): Failed to send buffer of zlib output compression (1) in C:\MAMP\htdocs\planty\wp-includes\functions.php on line 5349
[22-Sep-2023 07:33:17 UTC] PHP Notice:  ob_end_flush(): Failed to send buffer of zlib output compression (1) in C:\MAMP\htdocs\planty\wp-includes\functions.php on line 5349
[22-Sep-2023 07:33:17 UTC] PHP Notice:  ob_end_flush(): Failed to send buffer of zlib output compression (1) in C:\MAMP\htdocs\planty\wp-includes\functions.php on line 5349
[22-Sep-2023 07:33:20 UTC] PHP Notice:  ob_end_flush(): Failed to send buffer of zlib output compression (1) in C:\MAMP\htdocs\planty\wp-includes\functions.php on line 5349
[22-Sep-2023 07:33:20 UTC] PHP Notice:  ob_end_flush(): Failed to send buffer of zlib output compression (1) in C:\MAMP\htdocs\planty\wp-includes\functions.php on line 5349
[22-Sep-2023 07:33:22 UTC] PHP Notice:  ob_end_flush(): Failed to send buffer of zlib output compression (1) in C:\MAMP\htdocs\planty\wp-includes\functions.php on line 5349
[22-Sep-2023 07:33:22 UTC] PHP Notice:  ob_end_flush(): Failed to send buffer of zlib output compression (1) in C:\MAMP\htdocs\planty\wp-includes\functions.php on line 5349
[22-Sep-2023 07:33:25 UTC] PHP Notice:  ob_end_flush(): Failed to send buffer of zlib output compression (1) in C:\MAMP\htdocs\planty\wp-includes\functions.php on line 5349
[22-Sep-2023 07:33:25 UTC] PHP Notice:  ob_end_flush(): Failed to send buffer of zlib output compression (1) in C:\MAMP\htdocs\planty\wp-includes\functions.php on line 5349
[22-Sep-2023 07:34:04 UTC] PHP Notice:  ob_end_flush(): Failed to send buffer of zlib output compression (1) in C:\MAMP\htdocs\planty\wp-includes\functions.php on line 5349
[22-Sep-2023 07:34:04 UTC] PHP Notice:  ob_end_flush(): Failed to send buffer of zlib output compression (1) in C:\MAMP\htdocs\planty\wp-includes\functions.php on line 5349
[22-Sep-2023 07:34:08 UTC] PHP Notice:  ob_end_flush(): Failed to send buffer of zlib output compression (1) in C:\MAMP\htdocs\planty\wp-includes\functions.php on line 5349
[22-Sep-2023 07:34:08 UTC] PHP Notice:  ob_end_flush(): Failed to send buffer of zlib output compression (1) in C:\MAMP\htdocs\planty\wp-includes\functions.php on line 5349
[22-Sep-2023 07:34:11 UTC] PHP Notice:  ob_end_flush(): Failed to send buffer of zlib output compression (1) in C:\MAMP\htdocs\planty\wp-includes\functions.php on line 5349
[22-Sep-2023 07:34:11 UTC] PHP Notice:  ob_end_flush(): Failed to send buffer of zlib output compression (1) in C:\MAMP\htdocs\planty\wp-includes\functions.php on line 5349
[22-Sep-2023 07:34:32 UTC] PHP Notice:  ob_end_flush(): Failed to send buffer of zlib output compression (1) in C:\MAMP\htdocs\planty\wp-includes\functions.php on line 5349
[22-Sep-2023 07:34:32 UTC] PHP Notice:  ob_end_flush(): Failed to send buffer of zlib output compression (1) in C:\MAMP\htdocs\planty\wp-includes\functions.php on line 5349
[22-Sep-2023 07:34:35 UTC] PHP Notice:  ob_end_flush(): Failed to send buffer of zlib output compression (1) in C:\MAMP\htdocs\planty\wp-includes\functions.php on line 5349
[22-Sep-2023 07:34:35 UTC] PHP Notice:  ob_end_flush(): Failed to send buffer of zlib output compression (1) in C:\MAMP\htdocs\planty\wp-includes\functions.php on line 5349
[22-Sep-2023 07:35:19 UTC] PHP Notice:  ob_end_flush(): Failed to send buffer of zlib output compression (1) in C:\MAMP\htdocs\planty\wp-includes\functions.php on line 5349
[22-Sep-2023 07:35:19 UTC] PHP Notice:  ob_end_flush(): Failed to send buffer of zlib output compression (1) in C:\MAMP\htdocs\planty\wp-includes\functions.php on line 5349
[22-Sep-2023 07:35:22 UTC] PHP Notice:  ob_end_flush(): Failed to send buffer of zlib output compression (1) in C:\MAMP\htdocs\planty\wp-includes\functions.php on line 5349
[22-Sep-2023 07:35:22 UTC] PHP Notice:  ob_end_flush(): Failed to send buffer of zlib output compression (1) in C:\MAMP\htdocs\planty\wp-includes\functions.php on line 5349
[22-Sep-2023 07:35:43 UTC] PHP Notice:  ob_end_flush(): Failed to send buffer of zlib output compression (1) in C:\MAMP\htdocs\planty\wp-includes\functions.php on line 5349
[22-Sep-2023 07:35:43 UTC] PHP Notice:  ob_end_flush(): Failed to send buffer of zlib output compression (1) in C:\MAMP\htdocs\planty\wp-includes\functions.php on line 5349
[22-Sep-2023 07:36:41 UTC] PHP Notice:  ob_end_flush(): Failed to send buffer of zlib output compression (1) in C:\MAMP\htdocs\planty\wp-includes\functions.php on line 5349
[22-Sep-2023 07:36:41 UTC] PHP Notice:  ob_end_flush(): Failed to send buffer of zlib output compression (1) in C:\MAMP\htdocs\planty\wp-includes\functions.php on line 5349
[22-Sep-2023 07:36:41 UTC] PHP Notice:  ob_end_flush(): Failed to send buffer of zlib output compression (1) in C:\MAMP\htdocs\planty\wp-includes\functions.php on line 5349
[22-Sep-2023 07:36:41 UTC] PHP Notice:  ob_end_flush(): Failed to send buffer of zlib output compression (1) in C:\MAMP\htdocs\planty\wp-includes\functions.php on line 5349
[22-Sep-2023 07:36:42 UTC] PHP Warning:  Undefined array key "C:/MAMP/htdocs/planty/wp-content/themes/jadro/parts/header.html" in C:\MAMP\htdocs\planty\wp-content\plugins\query-monitor\output\html\theme.php on line 167
[22-Sep-2023 07:36:42 UTC] PHP Warning:  Undefined array key "C:/MAMP/htdocs/planty/wp-content/themes/jadro/parts/footer.html" in C:\MAMP\htdocs\planty\wp-content\plugins\query-monitor\output\html\theme.php on line 167
[26-Sep-2023 08:04:37 UTC] PHP Notice:  ob_end_flush(): Failed to send buffer of zlib output compression (1) in C:\MAMP\htdocs\planty\wp-includes\functions.php on line 5349
[26-Sep-2023 08:04:37 UTC] PHP Notice:  ob_end_flush(): Failed to send buffer of zlib output compression (1) in C:\MAMP\htdocs\planty\wp-includes\functions.php on line 5349
[26-Sep-2023 08:04:42 UTC] PHP Notice:  ob_end_flush(): Failed to send buffer of zlib output compression (1) in C:\MAMP\htdocs\planty\wp-includes\functions.php on line 5349
[26-Sep-2023 08:04:42 UTC] PHP Notice:  ob_end_flush(): Failed to send buffer of zlib output compression (1) in C:\MAMP\htdocs\planty\wp-includes\functions.php on line 5349
[26-Sep-2023 08:05:39 UTC] PHP Notice:  ob_end_flush(): Failed to send buffer of zlib output compression (1) in C:\MAMP\htdocs\planty\wp-includes\functions.php on line 5349
[26-Sep-2023 08:05:39 UTC] PHP Notice:  ob_end_flush(): Failed to send buffer of zlib output compression (1) in C:\MAMP\htdocs\planty\wp-includes\functions.php on line 5349
[26-Sep-2023 08:06:20 UTC] PHP Notice:  ob_end_flush(): Failed to send buffer of zlib output compression (1) in C:\MAMP\htdocs\planty\wp-includes\functions.php on line 5349
[26-Sep-2023 08:06:20 UTC] PHP Notice:  ob_end_flush(): Failed to send buffer of zlib output compression (1) in C:\MAMP\htdocs\planty\wp-includes\functions.php on line 5349
[26-Sep-2023 08:06:39 UTC] PHP Notice:  ob_end_flush(): Failed to send buffer of zlib output compression (1) in C:\MAMP\htdocs\planty\wp-includes\functions.php on line 5349
[26-Sep-2023 08:06:39 UTC] PHP Notice:  ob_end_flush(): Failed to send buffer of zlib output compression (1) in C:\MAMP\htdocs\planty\wp-includes\functions.php on line 5349
[26-Sep-2023 08:06:45 UTC] PHP Notice:  ob_end_flush(): Failed to send buffer of zlib output compression (1) in C:\MAMP\htdocs\planty\wp-includes\functions.php on line 5349
[26-Sep-2023 08:06:45 UTC] PHP Notice:  ob_end_flush(): Failed to send buffer of zlib output compression (1) in C:\MAMP\htdocs\planty\wp-includes\functions.php on line 5349
[26-Sep-2023 08:07:14 UTC] PHP Notice:  ob_end_flush(): Failed to send buffer of zlib output compression (1) in C:\MAMP\htdocs\planty\wp-includes\functions.php on line 5349
[26-Sep-2023 08:07:14 UTC] PHP Notice:  ob_end_flush(): Failed to send buffer of zlib output compression (1) in C:\MAMP\htdocs\planty\wp-includes\functions.php on line 5349
[26-Sep-2023 08:07:32 UTC] PHP Notice:  ob_end_flush(): Failed to send buffer of zlib output compression (1) in C:\MAMP\htdocs\planty\wp-includes\functions.php on line 5349
[26-Sep-2023 08:07:32 UTC] PHP Notice:  ob_end_flush(): Failed to send buffer of zlib output compression (1) in C:\MAMP\htdocs\planty\wp-includes\functions.php on line 5349
[26-Sep-2023 08:07:37 UTC] PHP Notice:  ob_end_flush(): Failed to send buffer of zlib output compression (1) in C:\MAMP\htdocs\planty\wp-includes\functions.php on line 5349
[26-Sep-2023 08:07:37 UTC] PHP Notice:  ob_end_flush(): Failed to send buffer of zlib output compression (1) in C:\MAMP\htdocs\planty\wp-includes\functions.php on line 5349
[26-Sep-2023 08:07:40 UTC] PHP Notice:  ob_end_flush(): Failed to send buffer of zlib output compression (1) in C:\MAMP\htdocs\planty\wp-includes\functions.php on line 5349
[26-Sep-2023 08:07:40 UTC] PHP Notice:  ob_end_flush(): Failed to send buffer of zlib output compression (1) in C:\MAMP\htdocs\planty\wp-includes\functions.php on line 5349
[26-Sep-2023 08:08:15 UTC] PHP Notice:  ob_end_flush(): Failed to send buffer of zlib output compression (1) in C:\MAMP\htdocs\planty\wp-includes\functions.php on line 5349
[26-Sep-2023 08:08:15 UTC] PHP Notice:  ob_end_flush(): Failed to send buffer of zlib output compression (1) in C:\MAMP\htdocs\planty\wp-includes\functions.php on line 5349
[26-Sep-2023 08:08:35 UTC] PHP Notice:  ob_end_flush(): Failed to send buffer of zlib output compression (1) in C:\MAMP\htdocs\planty\wp-includes\functions.php on line 5349
[26-Sep-2023 08:08:35 UTC] PHP Notice:  ob_end_flush(): Failed to send buffer of zlib output compression (1) in C:\MAMP\htdocs\planty\wp-includes\functions.php on line 5349
[26-Sep-2023 08:08:49 UTC] PHP Notice:  ob_end_flush(): Failed to send buffer of zlib output compression (1) in C:\MAMP\htdocs\planty\wp-includes\functions.php on line 5349
[26-Sep-2023 08:08:49 UTC] PHP Notice:  ob_end_flush(): Failed to send buffer of zlib output compression (1) in C:\MAMP\htdocs\planty\wp-includes\functions.php on line 5349
[26-Sep-2023 08:08:53 UTC] PHP Notice:  ob_end_flush(): Failed to send buffer of zlib output compression (1) in C:\MAMP\htdocs\planty\wp-includes\functions.php on line 5349
[26-Sep-2023 08:08:53 UTC] PHP Notice:  ob_end_flush(): Failed to send buffer of zlib output compression (1) in C:\MAMP\htdocs\planty\wp-includes\functions.php on line 5349
[26-Sep-2023 08:08:56 UTC] PHP Notice:  ob_end_flush(): Failed to send buffer of zlib output compression (1) in C:\MAMP\htdocs\planty\wp-includes\functions.php on line 5349
[26-Sep-2023 08:08:56 UTC] PHP Notice:  ob_end_flush(): Failed to send buffer of zlib output compression (1) in C:\MAMP\htdocs\planty\wp-includes\functions.php on line 5349
[26-Sep-2023 08:09:03 UTC] PHP Notice:  ob_end_flush(): Failed to send buffer of zlib output compression (1) in C:\MAMP\htdocs\planty\wp-includes\functions.php on line 5349
[26-Sep-2023 08:09:03 UTC] PHP Notice:  ob_end_flush(): Failed to send buffer of zlib output compression (1) in C:\MAMP\htdocs\planty\wp-includes\functions.php on line 5349
[26-Sep-2023 08:09:21 UTC] PHP Notice:  ob_end_flush(): Failed to send buffer of zlib output compression (1) in C:\MAMP\htdocs\planty\wp-includes\functions.php on line 5349
[26-Sep-2023 08:09:21 UTC] PHP Notice:  ob_end_flush(): Failed to send buffer of zlib output compression (1) in C:\MAMP\htdocs\planty\wp-includes\functions.php on line 5349
[26-Sep-2023 08:09:24 UTC] PHP Notice:  ob_end_flush(): Failed to send buffer of zlib output compression (1) in C:\MAMP\htdocs\planty\wp-includes\functions.php on line 5349
[26-Sep-2023 08:09:24 UTC] PHP Notice:  ob_end_flush(): Failed to send buffer of zlib output compression (1) in C:\MAMP\htdocs\planty\wp-includes\functions.php on line 5349
[26-Sep-2023 08:09:27 UTC] PHP Notice:  ob_end_flush(): Failed to send buffer of zlib output compression (1) in C:\MAMP\htdocs\planty\wp-includes\functions.php on line 5349
[26-Sep-2023 08:09:27 UTC] PHP Notice:  ob_end_flush(): Failed to send buffer of zlib output compression (1) in C:\MAMP\htdocs\planty\wp-includes\functions.php on line 5349
[26-Sep-2023 08:09:37 UTC] PHP Notice:  ob_end_flush(): Failed to send buffer of zlib output compression (1) in C:\MAMP\htdocs\planty\wp-includes\functions.php on line 5349
[26-Sep-2023 08:09:38 UTC] PHP Notice:  ob_end_flush(): Failed to send buffer of zlib output compression (1) in C:\MAMP\htdocs\planty\wp-includes\functions.php on line 5349
[26-Sep-2023 08:10:14 UTC] PHP Notice:  ob_end_flush(): Failed to send buffer of zlib output compression (1) in C:\MAMP\htdocs\planty\wp-includes\functions.php on line 5349
[26-Sep-2023 08:10:14 UTC] PHP Notice:  ob_end_flush(): Failed to send buffer of zlib output compression (1) in C:\MAMP\htdocs\planty\wp-includes\functions.php on line 5349
[26-Sep-2023 08:10:18 UTC] PHP Notice:  ob_end_flush(): Failed to send buffer of zlib output compression (1) in C:\MAMP\htdocs\planty\wp-includes\functions.php on line 5349
[26-Sep-2023 08:10:18 UTC] PHP Notice:  ob_end_flush(): Failed to send buffer of zlib output compression (1) in C:\MAMP\htdocs\planty\wp-includes\functions.php on line 5349
[26-Sep-2023 08:10:21 UTC] PHP Notice:  ob_end_flush(): Failed to send buffer of zlib output compression (1) in C:\MAMP\htdocs\planty\wp-includes\functions.php on line 5349
[26-Sep-2023 08:10:21 UTC] PHP Notice:  ob_end_flush(): Failed to send buffer of zlib output compression (1) in C:\MAMP\htdocs\planty\wp-includes\functions.php on line 5349
[26-Sep-2023 08:10:36 UTC] PHP Notice:  ob_end_flush(): Failed to send buffer of zlib output compression (1) in C:\MAMP\htdocs\planty\wp-includes\functions.php on line 5349
[26-Sep-2023 08:10:36 UTC] PHP Notice:  ob_end_flush(): Failed to send buffer of zlib output compression (1) in C:\MAMP\htdocs\planty\wp-includes\functions.php on line 5349
[26-Sep-2023 08:10:41 UTC] PHP Notice:  ob_end_flush(): Failed to send buffer of zlib output compression (1) in C:\MAMP\htdocs\planty\wp-includes\functions.php on line 5349
[26-Sep-2023 08:10:41 UTC] PHP Notice:  ob_end_flush(): Failed to send buffer of zlib output compression (1) in C:\MAMP\htdocs\planty\wp-includes\functions.php on line 5349
[26-Sep-2023 08:10:43 UTC] PHP Notice:  ob_end_flush(): Failed to send buffer of zlib output compression (1) in C:\MAMP\htdocs\planty\wp-includes\functions.php on line 5349
[26-Sep-2023 08:10:43 UTC] PHP Notice:  ob_end_flush(): Failed to send buffer of zlib output compression (1) in C:\MAMP\htdocs\planty\wp-includes\functions.php on line 5349
[26-Sep-2023 08:10:54 UTC] PHP Notice:  ob_end_flush(): Failed to send buffer of zlib output compression (1) in C:\MAMP\htdocs\planty\wp-includes\functions.php on line 5349
[26-Sep-2023 08:10:54 UTC] PHP Notice:  ob_end_flush(): Failed to send buffer of zlib output compression (1) in C:\MAMP\htdocs\planty\wp-includes\functions.php on line 5349
[26-Sep-2023 08:11:04 UTC] PHP Notice:  ob_end_flush(): Failed to send buffer of zlib output compression (1) in C:\MAMP\htdocs\planty\wp-includes\functions.php on line 5349
[26-Sep-2023 08:11:04 UTC] PHP Notice:  ob_end_flush(): Failed to send buffer of zlib output compression (1) in C:\MAMP\htdocs\planty\wp-includes\functions.php on line 5349
[26-Sep-2023 08:11:28 UTC] PHP Notice:  ob_end_flush(): Failed to send buffer of zlib output compression (1) in C:\MAMP\htdocs\planty\wp-includes\functions.php on line 5349
[26-Sep-2023 08:11:28 UTC] PHP Notice:  ob_end_flush(): Failed to send buffer of zlib output compression (1) in C:\MAMP\htdocs\planty\wp-includes\functions.php on line 5349
[26-Sep-2023 08:11:30 UTC] PHP Notice:  ob_end_flush(): Failed to send buffer of zlib output compression (1) in C:\MAMP\htdocs\planty\wp-includes\functions.php on line 5349
[26-Sep-2023 08:11:30 UTC] PHP Notice:  ob_end_flush(): Failed to send buffer of zlib output compression (1) in C:\MAMP\htdocs\planty\wp-includes\functions.php on line 5349
[26-Sep-2023 08:11:36 UTC] PHP Notice:  ob_end_flush(): Failed to send buffer of zlib output compression (1) in C:\MAMP\htdocs\planty\wp-includes\functions.php on line 5349
[26-Sep-2023 08:11:36 UTC] PHP Notice:  ob_end_flush(): Failed to send buffer of zlib output compression (1) in C:\MAMP\htdocs\planty\wp-includes\functions.php on line 5349
[26-Sep-2023 08:11:40 UTC] PHP Notice:  ob_end_flush(): Failed to send buffer of zlib output compression (1) in C:\MAMP\htdocs\planty\wp-includes\functions.php on line 5349
[26-Sep-2023 08:11:40 UTC] PHP Notice:  ob_end_flush(): Failed to send buffer of zlib output compression (1) in C:\MAMP\htdocs\planty\wp-includes\functions.php on line 5349
[26-Sep-2023 08:11:43 UTC] PHP Notice:  ob_end_flush(): Failed to send buffer of zlib output compression (1) in C:\MAMP\htdocs\planty\wp-includes\functions.php on line 5349
[26-Sep-2023 08:11:43 UTC] PHP Notice:  ob_end_flush(): Failed to send buffer of zlib output compression (1) in C:\MAMP\htdocs\planty\wp-includes\functions.php on line 5349
[26-Sep-2023 08:12:04 UTC] PHP Notice:  ob_end_flush(): Failed to send buffer of zlib output compression (1) in C:\MAMP\htdocs\planty\wp-includes\functions.php on line 5349
[26-Sep-2023 08:12:04 UTC] PHP Notice:  ob_end_flush(): Failed to send buffer of zlib output compression (1) in C:\MAMP\htdocs\planty\wp-includes\functions.php on line 5349
[26-Sep-2023 08:12:11 UTC] PHP Notice:  ob_end_flush(): Failed to send buffer of zlib output compression (1) in C:\MAMP\htdocs\planty\wp-includes\functions.php on line 5349
[26-Sep-2023 08:12:11 UTC] PHP Notice:  ob_end_flush(): Failed to send buffer of zlib output compression (1) in C:\MAMP\htdocs\planty\wp-includes\functions.php on line 5349
[26-Sep-2023 08:12:23 UTC] PHP Notice:  ob_end_flush(): Failed to send buffer of zlib output compression (1) in C:\MAMP\htdocs\planty\wp-includes\functions.php on line 5349
[26-Sep-2023 08:12:23 UTC] PHP Notice:  ob_end_flush(): Failed to send buffer of zlib output compression (1) in C:\MAMP\htdocs\planty\wp-includes\functions.php on line 5349
[26-Sep-2023 08:12:25 UTC] PHP Notice:  ob_end_flush(): Failed to send buffer of zlib output compression (1) in C:\MAMP\htdocs\planty\wp-includes\functions.php on line 5349
[26-Sep-2023 08:12:25 UTC] PHP Notice:  ob_end_flush(): Failed to send buffer of zlib output compression (1) in C:\MAMP\htdocs\planty\wp-includes\functions.php on line 5349
[26-Sep-2023 08:12:25 UTC] PHP Notice:  ob_end_flush(): Failed to send buffer of zlib output compression (1) in C:\MAMP\htdocs\planty\wp-includes\functions.php on line 5349
[26-Sep-2023 08:12:25 UTC] PHP Notice:  ob_end_flush(): Failed to send buffer of zlib output compression (1) in C:\MAMP\htdocs\planty\wp-includes\functions.php on line 5349
[26-Sep-2023 08:12:25 UTC] PHP Notice:  ob_end_flush(): Failed to send buffer of zlib output compression (1) in C:\MAMP\htdocs\planty\wp-includes\functions.php on line 5349
[26-Sep-2023 08:12:25 UTC] PHP Notice:  ob_end_flush(): Failed to send buffer of zlib output compression (1) in C:\MAMP\htdocs\planty\wp-includes\functions.php on line 5349
[26-Sep-2023 08:12:33 UTC] PHP Notice:  ob_end_flush(): Failed to send buffer of zlib output compression (1) in C:\MAMP\htdocs\planty\wp-includes\functions.php on line 5349
[26-Sep-2023 08:12:33 UTC] PHP Notice:  ob_end_flush(): Failed to send buffer of zlib output compression (1) in C:\MAMP\htdocs\planty\wp-includes\functions.php on line 5349
[26-Sep-2023 08:12:34 UTC] PHP Notice:  ob_end_flush(): Failed to send buffer of zlib output compression (1) in C:\MAMP\htdocs\planty\wp-includes\functions.php on line 5349
[26-Sep-2023 08:12:34 UTC] PHP Notice:  ob_end_flush(): Failed to send buffer of zlib output compression (1) in C:\MAMP\htdocs\planty\wp-includes\functions.php on line 5349
[26-Sep-2023 08:12:34 UTC] PHP Notice:  ob_end_flush(): Failed to send buffer of zlib output compression (1) in C:\MAMP\htdocs\planty\wp-includes\functions.php on line 5349
[26-Sep-2023 08:12:34 UTC] PHP Notice:  ob_end_flush(): Failed to send buffer of zlib output compression (1) in C:\MAMP\htdocs\planty\wp-includes\functions.php on line 5349
[26-Sep-2023 08:12:34 UTC] PHP Notice:  ob_end_flush(): Failed to send buffer of zlib output compression (1) in C:\MAMP\htdocs\planty\wp-includes\functions.php on line 5349
[26-Sep-2023 08:12:34 UTC] PHP Notice:  ob_end_flush(): Failed to send buffer of zlib output compression (1) in C:\MAMP\htdocs\planty\wp-includes\functions.php on line 5349
[26-Sep-2023 08:12:34 UTC] PHP Notice:  ob_end_flush(): Failed to send buffer of zlib output compression (1) in C:\MAMP\htdocs\planty\wp-includes\functions.php on line 5349
[26-Sep-2023 08:12:34 UTC] PHP Notice:  ob_end_flush(): Failed to send buffer of zlib output compression (1) in C:\MAMP\htdocs\planty\wp-includes\functions.php on line 5349
[26-Sep-2023 08:12:35 UTC] PHP Notice:  ob_end_flush(): Failed to send buffer of zlib output compression (1) in C:\MAMP\htdocs\planty\wp-includes\functions.php on line 5349
[26-Sep-2023 08:12:35 UTC] PHP Notice:  ob_end_flush(): Failed to send buffer of zlib output compression (1) in C:\MAMP\htdocs\planty\wp-includes\functions.php on line 5349
[26-Sep-2023 08:12:41 UTC] PHP Notice:  ob_end_flush(): Failed to send buffer of zlib output compression (1) in C:\MAMP\htdocs\planty\wp-includes\functions.php on line 5349
[26-Sep-2023 08:12:41 UTC] PHP Notice:  ob_end_flush(): Failed to send buffer of zlib output compression (1) in C:\MAMP\htdocs\planty\wp-includes\functions.php on line 5349
[26-Sep-2023 08:12:43 UTC] PHP Notice:  ob_end_flush(): Failed to send buffer of zlib output compression (1) in C:\MAMP\htdocs\planty\wp-includes\functions.php on line 5349
[26-Sep-2023 08:12:43 UTC] PHP Notice:  ob_end_flush(): Failed to send buffer of zlib output compression (1) in C:\MAMP\htdocs\planty\wp-includes\functions.php on line 5349
[26-Sep-2023 08:12:43 UTC] PHP Notice:  ob_end_flush(): Failed to send buffer of zlib output compression (1) in C:\MAMP\htdocs\planty\wp-includes\functions.php on line 5349
[26-Sep-2023 08:12:43 UTC] PHP Notice:  ob_end_flush(): Failed to send buffer of zlib output compression (1) in C:\MAMP\htdocs\planty\wp-includes\functions.php on line 5349
[26-Sep-2023 08:12:43 UTC] PHP Notice:  ob_end_flush(): Failed to send buffer of zlib output compression (1) in C:\MAMP\htdocs\planty\wp-includes\functions.php on line 5349
[26-Sep-2023 08:12:43 UTC] PHP Notice:  ob_end_flush(): Failed to send buffer of zlib output compression (1) in C:\MAMP\htdocs\planty\wp-includes\functions.php on line 5349
[26-Sep-2023 08:12:43 UTC] PHP Notice:  ob_end_flush(): Failed to send buffer of zlib output compression (1) in C:\MAMP\htdocs\planty\wp-includes\functions.php on line 5349
[26-Sep-2023 08:12:43 UTC] PHP Notice:  ob_end_flush(): Failed to send buffer of zlib output compression (1) in C:\MAMP\htdocs\planty\wp-includes\functions.php on line 5349
[26-Sep-2023 08:12:43 UTC] PHP Notice:  ob_end_flush(): Failed to send buffer of zlib output compression (1) in C:\MAMP\htdocs\planty\wp-includes\functions.php on line 5349
[26-Sep-2023 08:12:43 UTC] PHP Notice:  ob_end_flush(): Failed to send buffer of zlib output compression (1) in C:\MAMP\htdocs\planty\wp-includes\functions.php on line 5349
[26-Sep-2023 08:13:58 UTC] PHP Notice:  ob_end_flush(): Failed to send buffer of zlib output compression (1) in C:\MAMP\htdocs\planty\wp-includes\functions.php on line 5349
[26-Sep-2023 08:13:58 UTC] PHP Notice:  ob_end_flush(): Failed to send buffer of zlib output compression (1) in C:\MAMP\htdocs\planty\wp-includes\functions.php on line 5349
[26-Sep-2023 08:13:59 UTC] PHP Notice:  ob_end_flush(): Failed to send buffer of zlib output compression (1) in C:\MAMP\htdocs\planty\wp-includes\functions.php on line 5349
[26-Sep-2023 08:13:59 UTC] PHP Notice:  ob_end_flush(): Failed to send buffer of zlib output compression (1) in C:\MAMP\htdocs\planty\wp-includes\functions.php on line 5349
[26-Sep-2023 08:13:59 UTC] PHP Notice:  ob_end_flush(): Failed to send buffer of zlib output compression (1) in C:\MAMP\htdocs\planty\wp-includes\functions.php on line 5349
[26-Sep-2023 08:13:59 UTC] PHP Notice:  ob_end_flush(): Failed to send buffer of zlib output compression (1) in C:\MAMP\htdocs\planty\wp-includes\functions.php on line 5349
[26-Sep-2023 08:13:59 UTC] PHP Notice:  ob_end_flush(): Failed to send buffer of zlib output compression (1) in C:\MAMP\htdocs\planty\wp-includes\functions.php on line 5349
[26-Sep-2023 08:13:59 UTC] PHP Notice:  ob_end_flush(): Failed to send buffer of zlib output compression (1) in C:\MAMP\htdocs\planty\wp-includes\functions.php on line 5349
[26-Sep-2023 08:13:59 UTC] PHP Notice:  ob_end_flush(): Failed to send buffer of zlib output compression (1) in C:\MAMP\htdocs\planty\wp-includes\functions.php on line 5349
[26-Sep-2023 08:13:59 UTC] PHP Notice:  ob_end_flush(): Failed to send buffer of zlib output compression (1) in C:\MAMP\htdocs\planty\wp-includes\functions.php on line 5349
[26-Sep-2023 08:13:59 UTC] PHP Notice:  ob_end_flush(): Failed to send buffer of zlib output compression (1) in C:\MAMP\htdocs\planty\wp-includes\functions.php on line 5349
[26-Sep-2023 08:13:59 UTC] PHP Notice:  ob_end_flush(): Failed to send buffer of zlib output compression (1) in C:\MAMP\htdocs\planty\wp-includes\functions.php on line 5349
[26-Sep-2023 08:14:29 UTC] PHP Notice:  ob_end_flush(): Failed to send buffer of zlib output compression (1) in C:\MAMP\htdocs\planty\wp-includes\functions.php on line 5349
[26-Sep-2023 08:14:29 UTC] PHP Notice:  ob_end_flush(): Failed to send buffer of zlib output compression (1) in C:\MAMP\htdocs\planty\wp-includes\functions.php on line 5349
[26-Sep-2023 08:14:32 UTC] PHP Notice:  ob_end_flush(): Failed to send buffer of zlib output compression (1) in C:\MAMP\htdocs\planty\wp-includes\functions.php on line 5349
[26-Sep-2023 08:14:32 UTC] PHP Notice:  ob_end_flush(): Failed to send buffer of zlib output compression (1) in C:\MAMP\htdocs\planty\wp-includes\functions.php on line 5349
[26-Sep-2023 08:14:35 UTC] PHP Notice:  ob_end_flush(): Failed to send buffer of zlib output compression (1) in C:\MAMP\htdocs\planty\wp-includes\functions.php on line 5349
[26-Sep-2023 08:14:35 UTC] PHP Notice:  ob_end_flush(): Failed to send buffer of zlib output compression (1) in C:\MAMP\htdocs\planty\wp-includes\functions.php on line 5349
[26-Sep-2023 08:14:35 UTC] PHP Notice:  ob_end_flush(): Failed to send buffer of zlib output compression (1) in C:\MAMP\htdocs\planty\wp-includes\functions.php on line 5349
[26-Sep-2023 08:14:35 UTC] PHP Notice:  ob_end_flush(): Failed to send buffer of zlib output compression (1) in C:\MAMP\htdocs\planty\wp-includes\functions.php on line 5349
[26-Sep-2023 08:14:35 UTC] PHP Notice:  ob_end_flush(): Failed to send buffer of zlib output compression (1) in C:\MAMP\htdocs\planty\wp-includes\functions.php on line 5349
[26-Sep-2023 08:14:35 UTC] PHP Notice:  ob_end_flush(): Failed to send buffer of zlib output compression (1) in C:\MAMP\htdocs\planty\wp-includes\functions.php on line 5349
[26-Sep-2023 08:14:35 UTC] PHP Notice:  ob_end_flush(): Failed to send buffer of zlib output compression (1) in C:\MAMP\htdocs\planty\wp-includes\functions.php on line 5349
[26-Sep-2023 08:14:35 UTC] PHP Notice:  ob_end_flush(): Failed to send buffer of zlib output compression (1) in C:\MAMP\htdocs\planty\wp-includes\functions.php on line 5349
[26-Sep-2023 08:14:35 UTC] PHP Notice:  ob_end_flush(): Failed to send buffer of zlib output compression (1) in C:\MAMP\htdocs\planty\wp-includes\functions.php on line 5349
[26-Sep-2023 08:14:35 UTC] PHP Notice:  ob_end_flush(): Failed to send buffer of zlib output compression (1) in C:\MAMP\htdocs\planty\wp-includes\functions.php on line 5349
[26-Sep-2023 08:14:37 UTC] PHP Notice:  ob_end_flush(): Failed to send buffer of zlib output compression (1) in C:\MAMP\htdocs\planty\wp-includes\functions.php on line 5349
[26-Sep-2023 08:14:37 UTC] PHP Notice:  ob_end_flush(): Failed to send buffer of zlib output compression (1) in C:\MAMP\htdocs\planty\wp-includes\functions.php on line 5349
[26-Sep-2023 08:14:49 UTC] PHP Notice:  ob_end_flush(): Failed to send buffer of zlib output compression (1) in C:\MAMP\htdocs\planty\wp-includes\functions.php on line 5349
[26-Sep-2023 08:14:49 UTC] PHP Notice:  ob_end_flush(): Failed to send buffer of zlib output compression (1) in C:\MAMP\htdocs\planty\wp-includes\functions.php on line 5349
[26-Sep-2023 08:14:50 UTC] PHP Notice:  ob_end_flush(): Failed to send buffer of zlib output compression (1) in C:\MAMP\htdocs\planty\wp-includes\functions.php on line 5349
[26-Sep-2023 08:14:50 UTC] PHP Notice:  ob_end_flush(): Failed to send buffer of zlib output compression (1) in C:\MAMP\htdocs\planty\wp-includes\functions.php on line 5349
[26-Sep-2023 08:14:50 UTC] PHP Notice:  ob_end_flush(): Failed to send buffer of zlib output compression (1) in C:\MAMP\htdocs\planty\wp-includes\functions.php on line 5349
[26-Sep-2023 08:14:50 UTC] PHP Notice:  ob_end_flush(): Failed to send buffer of zlib output compression (1) in C:\MAMP\htdocs\planty\wp-includes\functions.php on line 5349
[26-Sep-2023 08:14:50 UTC] PHP Notice:  ob_end_flush(): Failed to send buffer of zlib output compression (1) in C:\MAMP\htdocs\planty\wp-includes\functions.php on line 5349
[26-Sep-2023 08:14:50 UTC] PHP Notice:  ob_end_flush(): Failed to send buffer of zlib output compression (1) in C:\MAMP\htdocs\planty\wp-includes\functions.php on line 5349
[26-Sep-2023 08:14:50 UTC] PHP Notice:  ob_end_flush(): Failed to send buffer of zlib output compression (1) in C:\MAMP\htdocs\planty\wp-includes\functions.php on line 5349
[26-Sep-2023 08:14:50 UTC] PHP Notice:  ob_end_flush(): Failed to send buffer of zlib output compression (1) in C:\MAMP\htdocs\planty\wp-includes\functions.php on line 5349
[26-Sep-2023 08:14:51 UTC] PHP Notice:  ob_end_flush(): Failed to send buffer of zlib output compression (1) in C:\MAMP\htdocs\planty\wp-includes\functions.php on line 5349
[26-Sep-2023 08:14:51 UTC] PHP Notice:  ob_end_flush(): Failed to send buffer of zlib output compression (1) in C:\MAMP\htdocs\planty\wp-includes\functions.php on line 5349
[26-Sep-2023 08:15:08 UTC] PHP Notice:  ob_end_flush(): Failed to send buffer of zlib output compression (1) in C:\MAMP\htdocs\planty\wp-includes\functions.php on line 5349
[26-Sep-2023 08:15:08 UTC] PHP Notice:  ob_end_flush(): Failed to send buffer of zlib output compression (1) in C:\MAMP\htdocs\planty\wp-includes\functions.php on line 5349
[26-Sep-2023 08:15:08 UTC] PHP Notice:  ob_end_flush(): Failed to send buffer of zlib output compression (1) in C:\MAMP\htdocs\planty\wp-includes\functions.php on line 5349
[26-Sep-2023 08:15:08 UTC] PHP Notice:  ob_end_flush(): Failed to send buffer of zlib output compression (1) in C:\MAMP\htdocs\planty\wp-includes\functions.php on line 5349
[26-Sep-2023 08:15:08 UTC] PHP Notice:  ob_end_flush(): Failed to send buffer of zlib output compression (1) in C:\MAMP\htdocs\planty\wp-includes\functions.php on line 5349
[26-Sep-2023 08:15:08 UTC] PHP Notice:  ob_end_flush(): Failed to send buffer of zlib output compression (1) in C:\MAMP\htdocs\planty\wp-includes\functions.php on line 5349
[26-Sep-2023 08:15:08 UTC] PHP Notice:  ob_end_flush(): Failed to send buffer of zlib output compression (1) in C:\MAMP\htdocs\planty\wp-includes\functions.php on line 5349
[26-Sep-2023 08:15:08 UTC] PHP Notice:  ob_end_flush(): Failed to send buffer of zlib output compression (1) in C:\MAMP\htdocs\planty\wp-includes\functions.php on line 5349
[26-Sep-2023 08:15:09 UTC] PHP Notice:  ob_end_flush(): Failed to send buffer of zlib output compression (1) in C:\MAMP\htdocs\planty\wp-includes\functions.php on line 5349
[26-Sep-2023 08:15:09 UTC] PHP Notice:  ob_end_flush(): Failed to send buffer of zlib output compression (1) in C:\MAMP\htdocs\planty\wp-includes\functions.php on line 5349
[26-Sep-2023 08:15:12 UTC] PHP Notice:  ob_end_flush(): Failed to send buffer of zlib output compression (1) in C:\MAMP\htdocs\planty\wp-includes\functions.php on line 5349
[26-Sep-2023 08:15:12 UTC] PHP Notice:  ob_end_flush(): Failed to send buffer of zlib output compression (1) in C:\MAMP\htdocs\planty\wp-includes\functions.php on line 5349
[26-Sep-2023 08:15:27 UTC] PHP Notice:  ob_end_flush(): Failed to send buffer of zlib output compression (1) in C:\MAMP\htdocs\planty\wp-includes\functions.php on line 5349
[26-Sep-2023 08:15:27 UTC] PHP Notice:  ob_end_flush(): Failed to send buffer of zlib output compression (1) in C:\MAMP\htdocs\planty\wp-includes\functions.php on line 5349
[26-Sep-2023 08:15:30 UTC] PHP Notice:  ob_end_flush(): Failed to send buffer of zlib output compression (1) in C:\MAMP\htdocs\planty\wp-includes\functions.php on line 5349
[26-Sep-2023 08:15:30 UTC] PHP Notice:  ob_end_flush(): Failed to send buffer of zlib output compression (1) in C:\MAMP\htdocs\planty\wp-includes\functions.php on line 5349
[26-Sep-2023 08:15:33 UTC] PHP Notice:  ob_end_flush(): Failed to send buffer of zlib output compression (1) in C:\MAMP\htdocs\planty\wp-includes\functions.php on line 5349
[26-Sep-2023 08:15:33 UTC] PHP Notice:  ob_end_flush(): Failed to send buffer of zlib output compression (1) in C:\MAMP\htdocs\planty\wp-includes\functions.php on line 5349
[26-Sep-2023 08:15:33 UTC] PHP Notice:  ob_end_flush(): Failed to send buffer of zlib output compression (1) in C:\MAMP\htdocs\planty\wp-includes\functions.php on line 5349
[26-Sep-2023 08:15:33 UTC] PHP Notice:  ob_end_flush(): Failed to send buffer of zlib output compression (1) in C:\MAMP\htdocs\planty\wp-includes\functions.php on line 5349
[26-Sep-2023 08:15:45 UTC] PHP Notice:  ob_end_flush(): Failed to send buffer of zlib output compression (1) in C:\MAMP\htdocs\planty\wp-includes\functions.php on line 5349
[26-Sep-2023 08:15:45 UTC] PHP Notice:  ob_end_flush(): Failed to send buffer of zlib output compression (1) in C:\MAMP\htdocs\planty\wp-includes\functions.php on line 5349
[26-Sep-2023 08:15:46 UTC] PHP Notice:  ob_end_flush(): Failed to send buffer of zlib output compression (1) in C:\MAMP\htdocs\planty\wp-includes\functions.php on line 5349
[26-Sep-2023 08:15:46 UTC] PHP Notice:  ob_end_flush(): Failed to send buffer of zlib output compression (1) in C:\MAMP\htdocs\planty\wp-includes\functions.php on line 5349
[26-Sep-2023 08:16:01 UTC] PHP Notice:  ob_end_flush(): Failed to send buffer of zlib output compression (1) in C:\MAMP\htdocs\planty\wp-includes\functions.php on line 5349
[26-Sep-2023 08:16:01 UTC] PHP Notice:  ob_end_flush(): Failed to send buffer of zlib output compression (1) in C:\MAMP\htdocs\planty\wp-includes\functions.php on line 5349
[26-Sep-2023 08:16:02 UTC] PHP Notice:  ob_end_flush(): Failed to send buffer of zlib output compression (1) in C:\MAMP\htdocs\planty\wp-includes\functions.php on line 5349
[26-Sep-2023 08:16:02 UTC] PHP Notice:  ob_end_flush(): Failed to send buffer of zlib output compression (1) in C:\MAMP\htdocs\planty\wp-includes\functions.php on line 5349
[26-Sep-2023 08:16:14 UTC] PHP Notice:  ob_end_flush(): Failed to send buffer of zlib output compression (1) in C:\MAMP\htdocs\planty\wp-includes\functions.php on line 5349
[26-Sep-2023 08:16:14 UTC] PHP Notice:  ob_end_flush(): Failed to send buffer of zlib output compression (1) in C:\MAMP\htdocs\planty\wp-includes\functions.php on line 5349
[26-Sep-2023 08:16:16 UTC] PHP Notice:  ob_end_flush(): Failed to send buffer of zlib output compression (1) in C:\MAMP\htdocs\planty\wp-includes\functions.php on line 5349
[26-Sep-2023 08:16:16 UTC] PHP Notice:  ob_end_flush(): Failed to send buffer of zlib output compression (1) in C:\MAMP\htdocs\planty\wp-includes\functions.php on line 5349
[26-Sep-2023 08:16:21 UTC] PHP Notice:  ob_end_flush(): Failed to send buffer of zlib output compression (1) in C:\MAMP\htdocs\planty\wp-includes\functions.php on line 5349
[26-Sep-2023 08:16:21 UTC] PHP Notice:  ob_end_flush(): Failed to send buffer of zlib output compression (1) in C:\MAMP\htdocs\planty\wp-includes\functions.php on line 5349
[26-Sep-2023 08:16:25 UTC] PHP Notice:  ob_end_flush(): Failed to send buffer of zlib output compression (1) in C:\MAMP\htdocs\planty\wp-includes\functions.php on line 5349
[26-Sep-2023 08:16:25 UTC] PHP Notice:  ob_end_flush(): Failed to send buffer of zlib output compression (1) in C:\MAMP\htdocs\planty\wp-includes\functions.php on line 5349
